<?xml version="1.0" encoding="UTF-8" ?>
<testsuite failures="0" time="0.384" errors="0" skipped="0" tests="3" name="mywebapp.LoginActionTest">
  <properties>
    <property name="java.runtime.name" value="Java(TM) SE Runtime Environment"/>
    <property name="sun.boot.library.path" value="C:\Users\Varun\Documents\My Docs\jdk\jdk7\jre\bin"/>
    <property name="java.vm.version" value="23.6-b04"/>
    <property name="java.vm.vendor" value="Oracle Corporation"/>
    <property name="java.vendor.url" value="http://java.oracle.com/"/>
    <property name="path.separator" value=";"/>
    <property name="guice.disable.misplaced.annotation.check" value="true"/>
    <property name="java.vm.name" value="Java HotSpot(TM) 64-Bit Server VM"/>
    <property name="file.encoding.pkg" value="sun.io"/>
    <property name="user.script" value=""/>
    <property name="user.country" value="US"/>
    <property name="sun.java.launcher" value="SUN_STANDARD"/>
    <property name="sun.os.patch.level" value=""/>
    <property name="java.vm.specification.name" value="Java Virtual Machine Specification"/>
    <property name="user.dir" value="C:\Users\Varun\Documents\My Docs\Development\Maven Workspace\mywebapp"/>
    <property name="java.runtime.version" value="1.7.0_11-b21"/>
    <property name="java.awt.graphicsenv" value="sun.awt.Win32GraphicsEnvironment"/>
    <property name="java.endorsed.dirs" value="C:\Users\Varun\Documents\My Docs\jdk\jdk7\jre\lib\endorsed"/>
    <property name="os.arch" value="amd64"/>
    <property name="java.io.tmpdir" value="C:\Users\Varun\AppData\Local\Temp\"/>
    <property name="line.separator" value="
"/>
    <property name="java.vm.specification.vendor" value="Oracle Corporation"/>
    <property name="user.variant" value=""/>
    <property name="os.name" value="Windows 8"/>
    <property name="net.sourceforge.cobertura.datafile" value="C:\Users\Varun\Documents\My Docs\Development\Maven Workspace\mywebapp\target\cobertura\cobertura.ser"/>
    <property name="classworlds.conf" value="C:\Users\Varun\Documents\My Docs\Development\Maven Workspace\.metadata\.plugins\org.eclipse.m2e.launching\launches\m2conf841517657970911454.tmp"/>
    <property name="sun.jnu.encoding" value="Cp1252"/>
    <property name="java.library.path" value="C:\Users\Varun\Documents\My Docs\jdk\jdk7\bin;C:\WINDOWS\Sun\Java\bin;C:\WINDOWS\system32;C:\WINDOWS;C:\Program Files\Broadcom\Broadcom 802.11 Network Adapter\Driver;C:\Program Files (x86)\Intel\iCLS Client\;C:\Program Files\Intel\iCLS Client\;C:\WINDOWS\system32;C:\WINDOWS;C:\WINDOWS\System32\Wbem;C:\WINDOWS\System32\WindowsPowerShell\v1.0\;C:\Program Files\Intel\Intel(R) Management Engine Components\DAL;C:\Program Files\Intel\Intel(R) Management Engine Components\IPT;C:\Program Files (x86)\Intel\Intel(R) Management Engine Components\DAL;C:\Program Files (x86)\Intel\Intel(R) Management Engine Components\IPT;C:\windows\system32\gs\gs8.71\bin;C:\Users\Varun\Documents\My Docs\Development\apache-maven-3.2.1\bin;C:\Users\Varun\Documents\My Docs\jdk\jdk7\bin;C:\Program Files (x86)\Mozilla Firefox\firefox.exe;C:\Users\Varun\Documents\My Docs\Development\Git\cmd;C:\Users\Varun\Documents\My Docs\Development\Git\bin;C:\Program Files (x86)\MySQL\MySQL Utilities 1.3.6\;."/>
    <property name="java.specification.name" value="Java Platform API Specification"/>
    <property name="java.class.version" value="51.0"/>
    <property name="sun.management.compiler" value="HotSpot 64-Bit Tiered Compilers"/>
    <property name="os.version" value="6.2"/>
    <property name="user.home" value="C:\Users\Varun"/>
    <property name="user.timezone" value="America/Phoenix"/>
    <property name="java.awt.printerjob" value="sun.awt.windows.WPrinterJob"/>
    <property name="java.specification.version" value="1.7"/>
    <property name="file.encoding" value="Cp1252"/>
    <property name="user.name" value="Varun"/>
    <property name="java.class.path" value="/C:/Users/Varun/Documents/My Docs/Development/eclipse-jee-kepler-SR2-Java8-win32-x86_64/eclipse/configuration/org.eclipse.osgi/bundles/843/1/.cp/jars/plexus-classworlds-2.4.jar"/>
    <property name="java.vm.specification.version" value="1.7"/>
    <property name="sun.arch.data.model" value="64"/>
    <property name="java.home" value="C:\Users\Varun\Documents\My Docs\jdk\jdk7\jre"/>
    <property name="sun.java.command" value="org.codehaus.plexus.classworlds.launcher.Launcher -B cobertura:cobertura"/>
    <property name="java.specification.vendor" value="Oracle Corporation"/>
    <property name="user.language" value="en"/>
    <property name="awt.toolkit" value="sun.awt.windows.WToolkit"/>
    <property name="java.vm.info" value="mixed mode"/>
    <property name="java.version" value="1.7.0_11"/>
    <property name="java.ext.dirs" value="C:\Users\Varun\Documents\My Docs\jdk\jdk7\jre\lib\ext;C:\WINDOWS\Sun\Java\lib\ext"/>
    <property name="sun.boot.class.path" value="C:\Users\Varun\Documents\My Docs\jdk\jdk7\jre\lib\resources.jar;C:\Users\Varun\Documents\My Docs\jdk\jdk7\jre\lib\rt.jar;C:\Users\Varun\Documents\My Docs\jdk\jdk7\jre\lib\sunrsasign.jar;C:\Users\Varun\Documents\My Docs\jdk\jdk7\jre\lib\jsse.jar;C:\Users\Varun\Documents\My Docs\jdk\jdk7\jre\lib\jce.jar;C:\Users\Varun\Documents\My Docs\jdk\jdk7\jre\lib\charsets.jar;C:\Users\Varun\Documents\My Docs\jdk\jdk7\jre\lib\jfr.jar;C:\Users\Varun\Documents\My Docs\jdk\jdk7\jre\classes"/>
    <property name="java.vendor" value="Oracle Corporation"/>
    <property name="maven.home" value="C:\Users\Varun\Documents\My Docs\Development\Maven Workspace\mywebapp\EMBEDDED"/>
    <property name="file.separator" value="\"/>
    <property name="java.vendor.url.bug" value="http://bugreport.sun.com/bugreport/"/>
    <property name="maven.bootclasspath" value="/C:/Users/Varun/Documents/My Docs/Development/eclipse-jee-kepler-SR2-Java8-win32-x86_64/eclipse/configuration/org.eclipse.osgi/bundles/843/1/.cp/jars/plexus-classworlds-2.4.jar"/>
    <property name="sun.cpu.endian" value="little"/>
    <property name="sun.io.unicode.encoding" value="UnicodeLittle"/>
    <property name="project.build.outputDirectory" value="C:\Users\Varun\Documents\My Docs\Development\Maven Workspace\mywebapp\target\generated-classes\cobertura"/>
    <property name="sun.desktop" value="windows"/>
    <property name="sun.cpu.isalist" value="amd64"/>
  </properties>
  <testcase time="0.318" classname="mywebapp.LoginActionTest" name="testUnsccessfulLogin"/>
  <testcase time="0" classname="mywebapp.LoginActionTest" name="testSucessfulLogin"/>
  <testcase time="0.001" classname="mywebapp.LoginActionTest" name="testIncorrectPasswordLogin"/>
</testsuite>